d:\emb\s1rov\oureda-s2l\underwater\visualgdb\debug\attitude.o
d:\emb\s1rov\oureda-s2l\underwater\visualgdb\debug\auto.o
d:\emb\s1rov\oureda-s2l\underwater\visualgdb\debug\basicctrl.o
d:\emb\s1rov\oureda-s2l\underwater\visualgdb\debug\cmsis_os.o
d:\emb\s1rov\oureda-s2l\underwater\visualgdb\debug\croutine.o
d:\emb\s1rov\oureda-s2l\underwater\visualgdb\debug\display.o
d:\emb\s1rov\oureda-s2l\underwater\visualgdb\debug\display_ql504.o
d:\emb\s1rov\oureda-s2l\underwater\visualgdb\debug\display_ql800.o
d:\emb\s1rov\oureda-s2l\underwater\visualgdb\debug\event_groups.o
d:\emb\s1rov\oureda-s2l\underwater\visualgdb\debug\freertos.o
d:\emb\s1rov\oureda-s2l\underwater\visualgdb\debug\heap_4.o
d:\emb\s1rov\oureda-s2l\underwater\visualgdb\debug\list.o
d:\emb\s1rov\oureda-s2l\underwater\visualgdb\debug\main.o
d:\emb\s1rov\oureda-s2l\underwater\visualgdb\debug\port.o
d:\emb\s1rov\oureda-s2l\underwater\visualgdb\debug\queue.o
d:\emb\s1rov\oureda-s2l\underwater\visualgdb\debug\startup_stm32f407xx.o
d:\emb\s1rov\oureda-s2l\underwater\visualgdb\debug\stm32f4xx_hal.o
d:\emb\s1rov\oureda-s2l\underwater\visualgdb\debug\stm32f4xx_hal_adc.o
d:\emb\s1rov\oureda-s2l\underwater\visualgdb\debug\stm32f4xx_hal_adc_ex.o
d:\emb\s1rov\oureda-s2l\underwater\visualgdb\debug\stm32f4xx_hal_cortex.o
d:\emb\s1rov\oureda-s2l\underwater\visualgdb\debug\stm32f4xx_hal_dma.o
d:\emb\s1rov\oureda-s2l\underwater\visualgdb\debug\stm32f4xx_hal_dma_ex.o
d:\emb\s1rov\oureda-s2l\underwater\visualgdb\debug\stm32f4xx_hal_exti.o
d:\emb\s1rov\oureda-s2l\underwater\visualgdb\debug\stm32f4xx_hal_flash.o
d:\emb\s1rov\oureda-s2l\underwater\visualgdb\debug\stm32f4xx_hal_flash_ex.o
d:\emb\s1rov\oureda-s2l\underwater\visualgdb\debug\stm32f4xx_hal_flash_ramfunc.o
d:\emb\s1rov\oureda-s2l\underwater\visualgdb\debug\stm32f4xx_hal_gpio.o
d:\emb\s1rov\oureda-s2l\underwater\visualgdb\debug\stm32f4xx_hal_iwdg.o
d:\emb\s1rov\oureda-s2l\underwater\visualgdb\debug\stm32f4xx_hal_msp.o
d:\emb\s1rov\oureda-s2l\underwater\visualgdb\debug\stm32f4xx_hal_pwr.o
d:\emb\s1rov\oureda-s2l\underwater\visualgdb\debug\stm32f4xx_hal_pwr_ex.o
d:\emb\s1rov\oureda-s2l\underwater\visualgdb\debug\stm32f4xx_hal_rcc.o
d:\emb\s1rov\oureda-s2l\underwater\visualgdb\debug\stm32f4xx_hal_rcc_ex.o
d:\emb\s1rov\oureda-s2l\underwater\visualgdb\debug\stm32f4xx_hal_tim.o
d:\emb\s1rov\oureda-s2l\underwater\visualgdb\debug\stm32f4xx_hal_timebase_tim.o
d:\emb\s1rov\oureda-s2l\underwater\visualgdb\debug\stm32f4xx_hal_tim_ex.o
d:\emb\s1rov\oureda-s2l\underwater\visualgdb\debug\stm32f4xx_hal_uart.o
d:\emb\s1rov\oureda-s2l\underwater\visualgdb\debug\stm32f4xx_it.o
d:\emb\s1rov\oureda-s2l\underwater\visualgdb\debug\stream_buffer.o
d:\emb\s1rov\oureda-s2l\underwater\visualgdb\debug\system_stm32f4xx.o
d:\emb\s1rov\oureda-s2l\underwater\visualgdb\debug\tasks.o
d:\emb\s1rov\oureda-s2l\underwater\visualgdb\debug\timers.o
d:\emb\s1rov\oureda-s2l\underwater\visualgdb\debug\attitude.dep
d:\emb\s1rov\oureda-s2l\underwater\visualgdb\debug\auto.dep
d:\emb\s1rov\oureda-s2l\underwater\visualgdb\debug\basicctrl.dep
d:\emb\s1rov\oureda-s2l\underwater\visualgdb\debug\cmsis_os.dep
d:\emb\s1rov\oureda-s2l\underwater\visualgdb\debug\croutine.dep
d:\emb\s1rov\oureda-s2l\underwater\visualgdb\debug\display.dep
d:\emb\s1rov\oureda-s2l\underwater\visualgdb\debug\display_ql504.dep
d:\emb\s1rov\oureda-s2l\underwater\visualgdb\debug\display_ql800.dep
d:\emb\s1rov\oureda-s2l\underwater\visualgdb\debug\event_groups.dep
d:\emb\s1rov\oureda-s2l\underwater\visualgdb\debug\freertos.dep
d:\emb\s1rov\oureda-s2l\underwater\visualgdb\debug\heap_4.dep
d:\emb\s1rov\oureda-s2l\underwater\visualgdb\debug\list.dep
d:\emb\s1rov\oureda-s2l\underwater\visualgdb\debug\main.dep
d:\emb\s1rov\oureda-s2l\underwater\visualgdb\debug\port.dep
d:\emb\s1rov\oureda-s2l\underwater\visualgdb\debug\queue.dep
d:\emb\s1rov\oureda-s2l\underwater\visualgdb\debug\startup_stm32f407xx.dep
d:\emb\s1rov\oureda-s2l\underwater\visualgdb\debug\stm32f4xx_hal.dep
d:\emb\s1rov\oureda-s2l\underwater\visualgdb\debug\stm32f4xx_hal_adc.dep
d:\emb\s1rov\oureda-s2l\underwater\visualgdb\debug\stm32f4xx_hal_adc_ex.dep
d:\emb\s1rov\oureda-s2l\underwater\visualgdb\debug\stm32f4xx_hal_cortex.dep
d:\emb\s1rov\oureda-s2l\underwater\visualgdb\debug\stm32f4xx_hal_dma.dep
d:\emb\s1rov\oureda-s2l\underwater\visualgdb\debug\stm32f4xx_hal_dma_ex.dep
d:\emb\s1rov\oureda-s2l\underwater\visualgdb\debug\stm32f4xx_hal_exti.dep
d:\emb\s1rov\oureda-s2l\underwater\visualgdb\debug\stm32f4xx_hal_flash.dep
d:\emb\s1rov\oureda-s2l\underwater\visualgdb\debug\stm32f4xx_hal_flash_ex.dep
d:\emb\s1rov\oureda-s2l\underwater\visualgdb\debug\stm32f4xx_hal_flash_ramfunc.dep
d:\emb\s1rov\oureda-s2l\underwater\visualgdb\debug\stm32f4xx_hal_gpio.dep
d:\emb\s1rov\oureda-s2l\underwater\visualgdb\debug\stm32f4xx_hal_iwdg.dep
d:\emb\s1rov\oureda-s2l\underwater\visualgdb\debug\stm32f4xx_hal_msp.dep
d:\emb\s1rov\oureda-s2l\underwater\visualgdb\debug\stm32f4xx_hal_pwr.dep
d:\emb\s1rov\oureda-s2l\underwater\visualgdb\debug\stm32f4xx_hal_pwr_ex.dep
d:\emb\s1rov\oureda-s2l\underwater\visualgdb\debug\stm32f4xx_hal_rcc.dep
d:\emb\s1rov\oureda-s2l\underwater\visualgdb\debug\stm32f4xx_hal_rcc_ex.dep
d:\emb\s1rov\oureda-s2l\underwater\visualgdb\debug\stm32f4xx_hal_tim.dep
d:\emb\s1rov\oureda-s2l\underwater\visualgdb\debug\stm32f4xx_hal_timebase_tim.dep
d:\emb\s1rov\oureda-s2l\underwater\visualgdb\debug\stm32f4xx_hal_tim_ex.dep
d:\emb\s1rov\oureda-s2l\underwater\visualgdb\debug\stm32f4xx_hal_uart.dep
d:\emb\s1rov\oureda-s2l\underwater\visualgdb\debug\stm32f4xx_it.dep
d:\emb\s1rov\oureda-s2l\underwater\visualgdb\debug\stream_buffer.dep
d:\emb\s1rov\oureda-s2l\underwater\visualgdb\debug\system_stm32f4xx.dep
d:\emb\s1rov\oureda-s2l\underwater\visualgdb\debug\tasks.dep
d:\emb\s1rov\oureda-s2l\underwater\visualgdb\debug\timers.dep
d:\emb\s1rov\oureda-s2l\underwater\visualgdb\debug\s2lunderwater.link.rsp
d:\emb\s1rov\oureda-s2l\underwater\visualgdb\debug\s2lunderwater.bin
d:\emb\s1rov\oureda-s2l\underwater\visualgdb\debug\s2lunderwater.map
d:\emb\s1rov\oureda-s2l\underwater\visualgdb\debug\s2lunderwater.alldeps
d:\emb\s1rov\oureda-s2l\underwater\visualgdb\debug\attitude.gcc.rsp
d:\emb\s1rov\oureda-s2l\underwater\visualgdb\debug\auto.gcc.rsp
d:\emb\s1rov\oureda-s2l\underwater\visualgdb\debug\basicctrl.gcc.rsp
d:\emb\s1rov\oureda-s2l\underwater\visualgdb\debug\cmsis_os.gcc.rsp
d:\emb\s1rov\oureda-s2l\underwater\visualgdb\debug\croutine.gcc.rsp
d:\emb\s1rov\oureda-s2l\underwater\visualgdb\debug\display.gcc.rsp
d:\emb\s1rov\oureda-s2l\underwater\visualgdb\debug\display_ql504.gcc.rsp
d:\emb\s1rov\oureda-s2l\underwater\visualgdb\debug\display_ql800.gcc.rsp
d:\emb\s1rov\oureda-s2l\underwater\visualgdb\debug\event_groups.gcc.rsp
d:\emb\s1rov\oureda-s2l\underwater\visualgdb\debug\freertos.gcc.rsp
d:\emb\s1rov\oureda-s2l\underwater\visualgdb\debug\heap_4.gcc.rsp
d:\emb\s1rov\oureda-s2l\underwater\visualgdb\debug\list.gcc.rsp
d:\emb\s1rov\oureda-s2l\underwater\visualgdb\debug\main.gcc.rsp
d:\emb\s1rov\oureda-s2l\underwater\visualgdb\debug\port.gcc.rsp
d:\emb\s1rov\oureda-s2l\underwater\visualgdb\debug\queue.gcc.rsp
d:\emb\s1rov\oureda-s2l\underwater\visualgdb\debug\s2lunderwater.mkbin.rsp
d:\emb\s1rov\oureda-s2l\underwater\visualgdb\debug\startup_stm32f407xx.gcc.rsp
d:\emb\s1rov\oureda-s2l\underwater\visualgdb\debug\stm32f4xx_hal.gcc.rsp
d:\emb\s1rov\oureda-s2l\underwater\visualgdb\debug\stm32f4xx_hal_adc.gcc.rsp
d:\emb\s1rov\oureda-s2l\underwater\visualgdb\debug\stm32f4xx_hal_adc_ex.gcc.rsp
d:\emb\s1rov\oureda-s2l\underwater\visualgdb\debug\stm32f4xx_hal_cortex.gcc.rsp
d:\emb\s1rov\oureda-s2l\underwater\visualgdb\debug\stm32f4xx_hal_dma.gcc.rsp
d:\emb\s1rov\oureda-s2l\underwater\visualgdb\debug\stm32f4xx_hal_dma_ex.gcc.rsp
d:\emb\s1rov\oureda-s2l\underwater\visualgdb\debug\stm32f4xx_hal_exti.gcc.rsp
d:\emb\s1rov\oureda-s2l\underwater\visualgdb\debug\stm32f4xx_hal_flash.gcc.rsp
d:\emb\s1rov\oureda-s2l\underwater\visualgdb\debug\stm32f4xx_hal_flash_ex.gcc.rsp
d:\emb\s1rov\oureda-s2l\underwater\visualgdb\debug\stm32f4xx_hal_flash_ramfunc.gcc.rsp
d:\emb\s1rov\oureda-s2l\underwater\visualgdb\debug\stm32f4xx_hal_gpio.gcc.rsp
d:\emb\s1rov\oureda-s2l\underwater\visualgdb\debug\stm32f4xx_hal_iwdg.gcc.rsp
d:\emb\s1rov\oureda-s2l\underwater\visualgdb\debug\stm32f4xx_hal_msp.gcc.rsp
d:\emb\s1rov\oureda-s2l\underwater\visualgdb\debug\stm32f4xx_hal_pwr.gcc.rsp
d:\emb\s1rov\oureda-s2l\underwater\visualgdb\debug\stm32f4xx_hal_pwr_ex.gcc.rsp
d:\emb\s1rov\oureda-s2l\underwater\visualgdb\debug\stm32f4xx_hal_rcc.gcc.rsp
d:\emb\s1rov\oureda-s2l\underwater\visualgdb\debug\stm32f4xx_hal_rcc_ex.gcc.rsp
d:\emb\s1rov\oureda-s2l\underwater\visualgdb\debug\stm32f4xx_hal_tim.gcc.rsp
d:\emb\s1rov\oureda-s2l\underwater\visualgdb\debug\stm32f4xx_hal_timebase_tim.gcc.rsp
d:\emb\s1rov\oureda-s2l\underwater\visualgdb\debug\stm32f4xx_hal_tim_ex.gcc.rsp
d:\emb\s1rov\oureda-s2l\underwater\visualgdb\debug\stm32f4xx_hal_uart.gcc.rsp
d:\emb\s1rov\oureda-s2l\underwater\visualgdb\debug\stm32f4xx_it.gcc.rsp
d:\emb\s1rov\oureda-s2l\underwater\visualgdb\debug\stream_buffer.gcc.rsp
d:\emb\s1rov\oureda-s2l\underwater\visualgdb\debug\system_stm32f4xx.gcc.rsp
d:\emb\s1rov\oureda-s2l\underwater\visualgdb\debug\tasks.gcc.rsp
d:\emb\s1rov\oureda-s2l\underwater\visualgdb\debug\timers.gcc.rsp
